[2020-06-11 17:31:27,569] {taskinstance.py:669} INFO - Dependencies all met for <TaskInstance: hello_world.hello_task 2020-06-10T12:00:00+00:00 [queued]>
[2020-06-11 17:31:27,580] {taskinstance.py:669} INFO - Dependencies all met for <TaskInstance: hello_world.hello_task 2020-06-10T12:00:00+00:00 [queued]>
[2020-06-11 17:31:27,580] {taskinstance.py:879} INFO - 
--------------------------------------------------------------------------------
[2020-06-11 17:31:27,580] {taskinstance.py:880} INFO - Starting attempt 1 of 1
[2020-06-11 17:31:27,580] {taskinstance.py:881} INFO - 
--------------------------------------------------------------------------------
[2020-06-11 17:31:27,587] {taskinstance.py:900} INFO - Executing <Task(PythonOperator): hello_task> on 2020-06-10T12:00:00+00:00
[2020-06-11 17:31:27,590] {standard_task_runner.py:53} INFO - Started process 2276 to run task
[2020-06-11 17:31:27,660] {logging_mixin.py:112} INFO - Running %s on host %s <TaskInstance: hello_world.hello_task 2020-06-10T12:00:00+00:00 [running]> Prakashs-MacBook-Air.local
[2020-06-11 17:31:27,678] {python_operator.py:114} INFO - Done. Returned value was: Hello world!
[2020-06-11 17:31:27,689] {taskinstance.py:1065} INFO - Marking task as SUCCESS.dag_id=hello_world, task_id=hello_task, execution_date=20200610T120000, start_date=20200611T120127, end_date=20200611T120127
[2020-06-11 17:31:37,559] {logging_mixin.py:112} INFO - [2020-06-11 17:31:37,558] {local_task_job.py:103} INFO - Task exited with return code 0
[2020-06-11 19:05:27,889] {taskinstance.py:669} INFO - Dependencies all met for <TaskInstance: hello_world.hello_task 2020-06-10T12:00:00+00:00 [queued]>
[2020-06-11 19:05:27,901] {taskinstance.py:669} INFO - Dependencies all met for <TaskInstance: hello_world.hello_task 2020-06-10T12:00:00+00:00 [queued]>
[2020-06-11 19:05:27,901] {taskinstance.py:879} INFO - 
--------------------------------------------------------------------------------
[2020-06-11 19:05:27,901] {taskinstance.py:880} INFO - Starting attempt 1 of 1
[2020-06-11 19:05:27,901] {taskinstance.py:881} INFO - 
--------------------------------------------------------------------------------
[2020-06-11 19:05:27,912] {taskinstance.py:900} INFO - Executing <Task(PythonOperator): hello_task> on 2020-06-10T12:00:00+00:00
[2020-06-11 19:05:27,916] {standard_task_runner.py:53} INFO - Started process 5087 to run task
[2020-06-11 19:05:27,999] {logging_mixin.py:112} INFO - Running %s on host %s <TaskInstance: hello_world.hello_task 2020-06-10T12:00:00+00:00 [running]> Prakashs-MacBook-Air.local
[2020-06-11 19:05:28,022] {python_operator.py:114} INFO - Done. Returned value was: Hello world!
[2020-06-11 19:05:28,035] {taskinstance.py:1065} INFO - Marking task as SUCCESS.dag_id=hello_world, task_id=hello_task, execution_date=20200610T120000, start_date=20200611T133527, end_date=20200611T133528
[2020-06-11 19:05:37,863] {logging_mixin.py:112} INFO - [2020-06-11 19:05:37,861] {local_task_job.py:103} INFO - Task exited with return code 0
